raleigh2_cdl2
raleigh2_cdl3
raleigh3_cdl
raleigh3_cdl2
rockford_pcmd_ecp1
sandiego_csl_40
sandiego_csl_54
sandiego_csl_54_24
sb_cdl
seattle_pcmd_ecp6
seattle_pcmd_ecp7
seattle_pcmd_ecp8
sfbay_pcmd_ecp1
sfbay_pcmd_ecp4
sfbay_pcmd_ecp6
sfbay_pcmd_ecp7
shreveport_csl_2
shreveport_csl_2_16
shreveport_csl_2_26
siouxfalls_csl_2
siouxfalls_csl_2_1
siouxfalls_csl_2_2
slc_pcmd_ecp1
slc_pcmd_ecp2
spokane_pcmd_ecp1
springfield_cdl
springfield_pcmd_ecp5
st_clairsville_cdl
stlouis_pcmd_ecp1
stlouis_pcmd_ecp2
tampa_pcmd_ecp1
tampa_pcmd_ecp4
toledo_csl_52
upny_pcmd_ecp3
upny_pcmd_ecp4
upny_pcmd_ecp5
upny_pcmd_ecp6
upny_pcmd_ecp7
virginia_cdl
virginia_pcmd_ecp2
virginia_pcmd_ecp3
virginia_pcmd_ecp4
washbalt_pcmd_ecp2
washbalt_pcmd_ecp3
washbalt_pcmd_ecp4
washbalt_pcmd_ecp5
washbalt_pcmd_ecp6
washbalt_pcmd_ecp7
washbalt_pcmd_ecp8
washbalt_pcmd_ecp9
westpa_pcmd_ecp1
westpa_pcmd_ecp3
westpa_pcmd_ecp4
westpa_pcmd_ecp5
west_tenn_pcmd_ecp2

